<?xml version="1.0" encoding="UTF-8"?>
<beans xmlns="http://www.springframework.org/schema/beans"
       xmlns:xsi="http://www.w3.org/2001/XMLSchema-instance"
       xmlns:jdbc="http://www.springframework.org/schema/jdbc" xmlns:tx="http://www.springframework.org/schema/tx"
       xsi:schemaLocation="http://www.springframework.org/schema/beans http://www.springframework.org/schema/beans/spring-beans.xsd
		 http://www.springframework.org/schema/jdbc http://www.springframework.org/schema/jdbc/spring-jdbc.xsd http://www.springframework.org/schema/tx http://www.springframework.org/schema/tx/spring-tx.xsd">

    <jdbc:embedded-database id="dataSource" type="H2" generate-name="true">
        <jdbc:script location="classpath:orm-schema.sql"/>
    </jdbc:embedded-database>

    <bean id="sessionFactory" class="org.springframework.orm.hibernate5.LocalSessionFactoryBean">
        <property name="dataSource" ref="dataSource"/>
        <property name="packagesToScan" value="kuvaldis.play.springframework.orm"/>
        <property name="hibernateProperties">
            <value>
                hibernate.dialect=org.hibernate.dialect.H2Dialect
            </value>
        </property>
    </bean>

    <bean id="txManager" class="org.springframework.orm.hibernate5.HibernateTransactionManager">
        <property name="sessionFactory" ref="sessionFactory"/>
        <property name="dataSource" ref="dataSource"/>
    </bean>

    <tx:annotation-driven transaction-manager="txManager"/>

    <bean id="actorDao" class="kuvaldis.play.springframework.orm.ActorDaoImpl">
        <constructor-arg index="0" ref="sessionFactory"/>
    </bean>
</beans>