<?xml version="1.0" encoding="UTF-8"?>
<beans xmlns="http://www.springframework.org/schema/beans"
       xmlns:xsi="http://www.w3.org/2001/XMLSchema-instance"
       xsi:schemaLocation="http://www.springframework.org/schema/beans http://www.springframework.org/schema/beans/spring-beans.xsd">
    <bean id="coffeeConstructorBean" class="kuvaldis.play.springframework.CoffeeConstructorBean">
        <constructor-arg index="0" value="I have no idea"/>
        <constructor-arg index="1" value="Oracle"/>
    </bean>
    <bean id="coffeeSetterBean" class="kuvaldis.play.springframework.CoffeeSettersBean">
        <property name="sort" value="Urmm... a good one"/>
        <property name="producedBy" value="Juergen Hoeller"/>
    </bean>

    <bean id="emailsBean" class="kuvaldis.play.springframework.EmailsStorageBean">
        <property name="emails">
            <props>
                <prop key="admin">admin@example.com</prop>
                <prop key="user">user@example.com</prop>
            </props>
        </property>
    </bean>
    <bean id="emailsChildBean" parent="emailsBean">
        <property name="emails">
            <props merge="true">
                <prop key="admin">eve@malefactor.com</prop>
            </props>
        </property>
    </bean>
</beans>