<?xml version="1.0" encoding="UTF-8"?>
<beans xmlns="http://www.springframework.org/schema/beans"
       xmlns:xsi="http://www.w3.org/2001/XMLSchema-instance"
       xmlns:aop="http://www.springframework.org/schema/aop"
       xmlns:tx="http://www.springframework.org/schema/tx"
       xsi:schemaLocation="
		http://www.springframework.org/schema/beans
		http://www.springframework.org/schema/beans/spring-beans.xsd
		http://www.springframework.org/schema/tx
		http://www.springframework.org/schema/tx/spring-tx.xsd
		http://www.springframework.org/schema/aop
		http://www.springframework.org/schema/aop/spring-aop.xsd">

    <bean id="dataSource" class="org.h2.jdbcx.JdbcDataSource">
        <property name="url" value="jdbc:h2:~/spring-data-access-test"/>
        <property name="user" value="admin"/>
        <property name="password" value=""/>
    </bean>

    <bean id="transactionAwareDataSource" class="org.springframework.jdbc.datasource.TransactionAwareDataSourceProxy">
        <property name="targetDataSource" ref="dataSource"/>
    </bean>

    <bean id="txManager" class="org.springframework.jdbc.datasource.DataSourceTransactionManager">
        <property name="dataSource" ref="dataSource"/>
    </bean>

    <bean id="fooService" class="kuvaldis.play.springframework.dataaccess.FooServiceImpl">
        <constructor-arg index="0" ref="transactionAwareDataSource"/>
    </bean>

    <tx:advice id="txAdvice" transaction-manager="txManager">
        <tx:attributes>
            <tx:method name="get*" read-only="true" no-rollback-for="kuvaldis.play.springframework.dataaccess.InstrumentNotFoundException"/>
            <tx:method name="*"/>
        </tx:attributes>
    </tx:advice>

    <aop:config>
        <aop:pointcut id="fooServiceOperation" expression="execution(* kuvaldis.play.springframework.dataaccess.FooService.*(..))"/>
        <aop:advisor advice-ref="txAdvice" pointcut-ref="fooServiceOperation"/>
    </aop:config>
</beans>